<?xml version="1.0" encoding="UTF-8"?>
<testng-results skipped="0" failed="0" ignored="0" total="1" passed="1">
  <reporter-output>
  </reporter-output>
  <suite name="Default suite" duration-ms="38301" started-at="2022-02-15T18:32:37Z" finished-at="2022-02-15T18:33:16Z">
    <groups>
    </groups>
    <test name="Default test" duration-ms="38301" started-at="2022-02-15T18:32:37Z" finished-at="2022-02-15T18:33:16Z">
      <class name="TestCases.ZooplaHomePageTest">
        <test-method status="PASS" signature="testSetup()[pri:0, instance:TestCases.ZooplaHomePageTest@5ec0a365]" name="testSetup" is-config="true" duration-ms="18187" started-at="2022-02-15T18:32:38Z" finished-at="2022-02-15T18:32:56Z">
          <reporter-output>
          </reporter-output>
        </test-method> <!-- testSetup -->
        <test-method status="PASS" signature="enterSearchCriteria()[pri:0, instance:TestCases.ZooplaHomePageTest@5ec0a365]" name="enterSearchCriteria" duration-ms="19802" started-at="2022-02-15T18:32:56Z" finished-at="2022-02-15T18:33:16Z">
          <reporter-output>
          </reporter-output>
        </test-method> <!-- enterSearchCriteria -->
        <test-method status="PASS" signature="tearDown()[pri:0, instance:TestCases.ZooplaHomePageTest@5ec0a365]" name="tearDown" is-config="true" duration-ms="222" started-at="2022-02-15T18:33:16Z" finished-at="2022-02-15T18:33:16Z">
          <reporter-output>
          </reporter-output>
        </test-method> <!-- tearDown -->
      </class> <!-- TestCases.ZooplaHomePageTest -->
    </test> <!-- Default test -->
  </suite> <!-- Default suite -->
</testng-results>
